<?xml version="1.0" encoding="UTF-8"?>
<testng-results skipped="0" failed="0" ignored="0" total="1" passed="1">
  <reporter-output>
    <line>
      <![CDATA[------------Started Suite execution-----------]]>
    </line>
    <line>
      <![CDATA[---------- Started Execution of USer story--------]]>
    </line>
    <line>
      <![CDATA[---------- Ended Execution of USer story--------]]>
    </line>
    <line>
      <![CDATA[------------Ended Suite execution-------------]]>
    </line>
  </reporter-output>
  <suite name="Default suite" duration-ms="15339" started-at="2018-04-08T15:11:41Z" finished-at="2018-04-08T15:11:56Z">
    <groups>
    </groups>
    <test name="Default test" duration-ms="15339" started-at="2018-04-08T15:11:41Z" finished-at="2018-04-08T15:11:56Z">
      <class name="com.cluster.test.smoke.TestLoginFacebook">
        <test-method status="PASS" signature="beforeSuite()[pri:0, instance:com.cluster.test.smoke.TestLoginFacebook@46d56d67]" name="beforeSuite" is-config="true" duration-ms="17" started-at="2018-04-08T15:11:41Z" finished-at="2018-04-08T15:11:41Z">
          <reporter-output>
            <line>
              <![CDATA[------------Started Suite execution-----------]]>
            </line>
          </reporter-output>
        </test-method> <!-- beforeSuite -->
        <test-method status="PASS" signature="beforeClass()[pri:0, instance:com.cluster.test.smoke.TestLoginFacebook@46d56d67]" name="beforeClass" is-config="true" duration-ms="0" started-at="2018-04-08T15:11:41Z" finished-at="2018-04-08T15:11:41Z">
          <reporter-output>
            <line>
              <![CDATA[---------- Started Execution of USer story--------]]>
            </line>
          </reporter-output>
        </test-method> <!-- beforeClass -->
        <test-method status="PASS" signature="preCOndition()[pri:0, instance:com.cluster.test.smoke.TestLoginFacebook@46d56d67]" name="preCOndition" is-config="true" duration-ms="10615" started-at="2018-04-08T15:11:41Z" finished-at="2018-04-08T15:11:51Z">
          <reporter-output>
          </reporter-output>
        </test-method> <!-- preCOndition -->
        <test-method status="PASS" signature="testLoginInvalid()[pri:0, instance:com.cluster.test.smoke.TestLoginFacebook@46d56d67]" name="testLoginInvalid" duration-ms="2530" started-at="2018-04-08T15:11:51Z" finished-at="2018-04-08T15:11:54Z">
          <reporter-output>
          </reporter-output>
        </test-method> <!-- testLoginInvalid -->
        <test-method status="PASS" signature="postCondition()[pri:0, instance:com.cluster.test.smoke.TestLoginFacebook@46d56d67]" name="postCondition" is-config="true" duration-ms="2120" started-at="2018-04-08T15:11:54Z" finished-at="2018-04-08T15:11:56Z">
          <reporter-output>
          </reporter-output>
        </test-method> <!-- postCondition -->
        <test-method status="PASS" signature="afterClass()[pri:0, instance:com.cluster.test.smoke.TestLoginFacebook@46d56d67]" name="afterClass" is-config="true" duration-ms="0" started-at="2018-04-08T15:11:56Z" finished-at="2018-04-08T15:11:56Z">
          <reporter-output>
            <line>
              <![CDATA[---------- Ended Execution of USer story--------]]>
            </line>
          </reporter-output>
        </test-method> <!-- afterClass -->
        <test-method status="PASS" signature="afterSuite()[pri:0, instance:com.cluster.test.smoke.TestLoginFacebook@46d56d67]" name="afterSuite" is-config="true" duration-ms="0" started-at="2018-04-08T15:11:56Z" finished-at="2018-04-08T15:11:56Z">
          <reporter-output>
            <line>
              <![CDATA[------------Ended Suite execution-------------]]>
            </line>
          </reporter-output>
        </test-method> <!-- afterSuite -->
      </class> <!-- com.cluster.test.smoke.TestLoginFacebook -->
    </test> <!-- Default test -->
  </suite> <!-- Default suite -->
</testng-results>
